C:\USERS\JONATHAN\DOCUMENTS\GITHUB\MORQUE-\CODE\MORQUE++\DEBUG\ORQUE++.EXE
C:\USERS\JONATHAN\DOCUMENTS\GITHUB\MORQUE-\CODE\MORQUE++\DEBUG\ORQUE++.ILK
C:\USERS\JONATHAN\DOCUMENTS\GITHUB\MORQUE-\CODE\MORQUE++\DEBUG\ORQUE++.PDB
C:\Users\Jonathan\Documents\GitHub\Morque-\Code\Morque++\Morque++\Debug\cl.command.1.tlog
C:\Users\Jonathan\Documents\GitHub\Morque-\Code\Morque++\Morque++\Debug\CL.read.1.tlog
C:\Users\Jonathan\Documents\GitHub\Morque-\Code\Morque++\Morque++\Debug\CL.write.1.tlog
C:\Users\Jonathan\Documents\GitHub\Morque-\Code\Morque++\Morque++\Debug\link.command.1.tlog
C:\Users\Jonathan\Documents\GitHub\Morque-\Code\Morque++\Morque++\Debug\link.read.1.tlog
C:\Users\Jonathan\Documents\GitHub\Morque-\Code\Morque++\Morque++\Debug\link.write.1.tlog
C:\USERS\JONATHAN\DOCUMENTS\GITHUB\MORQUE-\CODE\MORQUE++\MORQUE++\DEBUG\MAPPROTOTYPEFACTORY.OBJ
C:\Users\Jonathan\Documents\GitHub\Morque-\Code\Morque++\Morque++\Debug\mt.command.1.tlog
C:\Users\Jonathan\Documents\GitHub\Morque-\Code\Morque++\Morque++\Debug\mt.read.1.tlog
C:\Users\Jonathan\Documents\GitHub\Morque-\Code\Morque++\Morque++\Debug\mt.write.1.tlog
C:\USERS\JONATHAN\DOCUMENTS\GITHUB\MORQUE-\CODE\MORQUE++\MORQUE++\DEBUG\ORQUE.OBJ
C:\USERS\JONATHAN\DOCUMENTS\GITHUB\MORQUE-\CODE\MORQUE++\MORQUE++\DEBUG\ORQUE++.EXE.INTERMEDIATE.MANIFEST
C:\Users\Jonathan\Documents\GitHub\Morque-\Code\Morque++\Morque++\Debug\Orque++.write.1.tlog
C:\USERS\JONATHAN\DOCUMENTS\GITHUB\MORQUE-\CODE\MORQUE++\MORQUE++\DEBUG\PUZZLEROOM.OBJ
C:\USERS\JONATHAN\DOCUMENTS\GITHUB\MORQUE-\CODE\MORQUE++\MORQUE++\DEBUG\REGULARROOM.OBJ
C:\USERS\JONATHAN\DOCUMENTS\GITHUB\MORQUE-\CODE\MORQUE++\MORQUE++\DEBUG\TESTMAIN.OBJ
C:\Users\Jonathan\Documents\GitHub\Morque-\Code\Morque++\Morque++\Debug\vc100.idb
C:\USERS\JONATHAN\DOCUMENTS\GITHUB\MORQUE-\CODE\MORQUE++\MORQUE++\DEBUG\VC100.PDB
